<?xml version="1.0" encoding="UTF-8"?>
<!-- Generated by org.testng.reporters.JUnitReportReporter -->
<testsuite skipped="0" hostname="Muniras-MBP" name="com.idnyc.testcases.VerifyLandingPageHeaderLinks" tests="1" failures="0" timestamp="10 Feb 2019 10:02:47 GMT" time="45.391" errors="0">
  <testcase name="LandingPageHearderLinksTeest" time="45.391" classname="com.idnyc.testcases.VerifyLandingPageHeaderLinks"/>
</testsuite> <!-- com.idnyc.testcases.VerifyLandingPageHeaderLinks -->
